<?xml version="1.0" encoding="UTF-8"?>
<testsuite name="BagMainTest" tests="3" skipped="0" failures="0" errors="0" timestamp="2022-10-04T18:57:53" hostname="DESKTOP-QBKM8Q9" time="0.018">
  <properties/>
  <testcase name="TestEnhanceBagsTrue" classname="BagMainTest" time="0.013"/>
  <testcase name="TestCountCrossbodyStraps" classname="BagMainTest" time="0.003"/>
  <testcase name="TestEnhanceBagsFalse" classname="BagMainTest" time="0.001"/>
  <system-out><![CDATA[]]></system-out>
  <system-err><![CDATA[]]></system-err>
</testsuite>
